<?xml version="1.0" encoding="UTF-8"?>
<testng-results ignored="0" total="4" passed="4" failed="0" skipped="0">
  <reporter-output>
  </reporter-output>
  <suite started-at="2022-05-06T13:37:29 IST" name="Default suite" finished-at="2022-05-06T13:38:04 IST" duration-ms="35441">
    <groups>
    </groups>
    <test started-at="2022-05-06T13:37:29 IST" name="Default test" finished-at="2022-05-06T13:38:04 IST" duration-ms="35441">
      <class name="DemoDataDriven.LoginToExcel">
        <test-method is-config="true" signature="BeforeTest()[pri:0, instance:DemoDataDriven.LoginToExcel@2dde1bff]" started-at="2022-05-06T13:37:29 IST" name="BeforeTest" finished-at="2022-05-06T13:37:31 IST" duration-ms="1997" status="PASS">
          <reporter-output>
          </reporter-output>
        </test-method> <!-- BeforeTest -->
        <test-method signature="login(java.lang.String,java.lang.String)[pri:0, instance:DemoDataDriven.LoginToExcel@2dde1bff]" started-at="2022-05-06T13:37:31 IST" name="login" data-provider="Logindata" finished-at="2022-05-06T13:37:36 IST" duration-ms="4621" status="PASS">
          <params>
            <param index="0">
              <value>
                <![CDATA[naveenfriends50@yahoo.com]]>
              </value>
            </param>
            <param index="1">
              <value>
                <![CDATA[manVSwild@1357]]>
              </value>
            </param>
          </params>
          <reporter-output>
          </reporter-output>
        </test-method> <!-- login -->
        <test-method signature="login(java.lang.String,java.lang.String)[pri:0, instance:DemoDataDriven.LoginToExcel@2dde1bff]" started-at="2022-05-06T13:37:36 IST" name="login" data-provider="Logindata" finished-at="2022-05-06T13:37:42 IST" duration-ms="5762" status="PASS">
          <params>
            <param index="0">
              <value>
                <![CDATA[naveenfriends40@yahoo.com]]>
              </value>
            </param>
            <param index="1">
              <value>
                <![CDATA[manVSwild1357]]>
              </value>
            </param>
          </params>
          <reporter-output>
          </reporter-output>
        </test-method> <!-- login -->
        <test-method signature="login(java.lang.String,java.lang.String)[pri:0, instance:DemoDataDriven.LoginToExcel@2dde1bff]" started-at="2022-05-06T13:37:42 IST" name="login" data-provider="Logindata" finished-at="2022-05-06T13:37:48 IST" duration-ms="6487" status="PASS">
          <params>
            <param index="0">
              <value>
                <![CDATA[naveenfriends50@yahoo.com]]>
              </value>
            </param>
            <param index="1">
              <value>
                <![CDATA[manvswild1357]]>
              </value>
            </param>
          </params>
          <reporter-output>
          </reporter-output>
        </test-method> <!-- login -->
        <test-method signature="login(java.lang.String,java.lang.String)[pri:0, instance:DemoDataDriven.LoginToExcel@2dde1bff]" started-at="2022-05-06T13:37:48 IST" name="login" data-provider="Logindata" finished-at="2022-05-06T13:38:04 IST" duration-ms="16317" status="PASS">
          <params>
            <param index="0">
              <value>
                <![CDATA[naveenfriends40@yahoo.com]]>
              </value>
            </param>
            <param index="1">
              <value>
                <![CDATA[manvswild1357]]>
              </value>
            </param>
          </params>
          <reporter-output>
          </reporter-output>
        </test-method> <!-- login -->
        <test-method is-config="true" signature="afterTest()[pri:0, instance:DemoDataDriven.LoginToExcel@2dde1bff]" started-at="2022-05-06T13:38:04 IST" name="afterTest" finished-at="2022-05-06T13:38:04 IST" duration-ms="0" status="PASS">
          <reporter-output>
          </reporter-output>
        </test-method> <!-- afterTest -->
      </class> <!-- DemoDataDriven.LoginToExcel -->
    </test> <!-- Default test -->
  </suite> <!-- Default suite -->
</testng-results>
